Using 1 threads


 NAS Parallel Benchmarks 4.0 OpenMP C++ version - CG Benchmark


 Developed by: Dalvan Griebler <dalvan.griebler@acad.pucrs.br>
 Size:      14000
 Iterations:    15
   iteration           ||r||                 zeta
        1       2.81200644451055e-13 1.9999758127704e+01
        2       2.66833289846690e-15 1.7114049574551e+01
        3       2.72130035668931e-15 1.7129666894614e+01
        4       2.67723505931977e-15 1.7130211358119e+01
        5       2.63195367967469e-15 1.7130233885635e+01
        6       2.68047519632575e-15 1.7130234987948e+01
        7       2.65182685553164e-15 1.7130235049892e+01
        8       2.61593453839034e-15 1.7130235053751e+01
        9       2.63376124183953e-15 1.7130235054010e+01
       10       2.62508207085680e-15 1.7130235054028e+01
       11       2.55944856955920e-15 1.7130235054030e+01
       12       2.59227154901058e-15 1.7130235054030e+01
       13       2.57515766881511e-15 1.7130235054030e+01
       14       2.59057535388700e-15 1.7130235054030e+01
       15       2.59070672484760e-15 1.7130235054030e+01
 Benchmark completed
 VERIFICATION SUCCESSFUL
 Zeta is      1.713023505403e+01
 Error is     8.775202786637e-13


 CG Benchmark Completed
 class_npb           =                        A
 Size            =                    14000
 Iterations      =                       15
 Threads         =                        1
 Time in seconds =                     0.51
 Mop/s total     =                  2915.49
 Operation type  =           floating point
 Verification    =               SUCCESSFUL
 Version         =                      4.0
 Compile date    =              12 Oct 2024

 Compile options:
    CC           = g++ -std=c++14
    CLINK        = $(CC)
    C_LIB        = -lm
    C_INC        = -I../common 
    CFLAGS       = -O3 -fopenmp
    CLINKFLAGS   = -O3 -fopenmp
    RAND         = randdp
