Using 8 threads


 NAS Parallel Benchmarks 4.0 OpenMP C++ version - CG Benchmark


 Developed by: Dalvan Griebler <dalvan.griebler@acad.pucrs.br>
 Size:      14000
 Iterations:    15
   iteration           ||r||                 zeta
        1       2.81596356038202e-13 1.9999758127704e+01
        2       2.69164141394781e-15 1.7114049574551e+01
        3       2.76025830372446e-15 1.7129666894614e+01
        4       2.66305122791792e-15 1.7130211358119e+01
        5       2.66162339130298e-15 1.7130233885635e+01
        6       2.65752559498318e-15 1.7130234987948e+01
        7       2.61714301987230e-15 1.7130235049892e+01
        8       2.64861519376615e-15 1.7130235053751e+01
        9       2.61442495846879e-15 1.7130235054010e+01
       10       2.57905789812061e-15 1.7130235054028e+01
       11       2.55790760303623e-15 1.7130235054030e+01
       12       2.55238084178519e-15 1.7130235054030e+01
       13       2.57753934945623e-15 1.7130235054030e+01
       14       2.57834321576124e-15 1.7130235054030e+01
       15       2.57909179857158e-15 1.7130235054030e+01
 Benchmark completed
 VERIFICATION SUCCESSFUL
 Zeta is      1.713023505403e+01
 Error is     8.775202786637e-13


 CG Benchmark Completed
 class_npb           =                        A
 Size            =                    14000
 Iterations      =                       15
 Threads         =                        8
 Time in seconds =                     0.10
 Mop/s total     =                 14258.65
 Operation type  =           floating point
 Verification    =               SUCCESSFUL
 Version         =                      4.0
 Compile date    =              12 Oct 2024

 Compile options:
    CC           = g++ -std=c++14
    CLINK        = $(CC)
    C_LIB        = -lm
    C_INC        = -I../common 
    CFLAGS       = -O3 -fopenmp
    CLINKFLAGS   = -O3 -fopenmp
    RAND         = randdp
